2017-03-25 02:39:04.468 [main] INFO  a01001690.Gis - 2017-03-25T09:39:04.445Z
2017-03-25 02:39:04.608 [main] DEBUG a01001690.Database - Loading database properties from db.properties
2017-03-25 02:40:09.404 [main] INFO  a01001690.Gis - 2017-03-25T09:40:09.398Z
2017-03-25 02:40:09.564 [main] DEBUG a01001690.Database - Loading database properties from db.properties
2017-03-25 02:42:32.051 [main] INFO  a01001690.Gis - 2017-03-25T09:42:32.032Z
2017-03-25 02:42:32.237 [main] DEBUG a01001690.Database - Loading database properties from db.properties
2017-03-25 02:43:28.408 [main] INFO  a01001690.Gis - 2017-03-25T09:43:28.401Z
2017-03-25 02:43:28.671 [main] DEBUG a01001690.Database - Loading database properties from db.properties
2017-03-25 02:46:44.433 [main] INFO  a01001690.Gis - 2017-03-25T09:46:44.428Z
2017-03-25 02:46:44.600 [main] DEBUG a01001690.Database - Loading database properties from db.properties
2017-03-25 02:47:35.657 [main] INFO  a01001690.Gis - 2017-03-25T09:47:35.651Z
2017-03-25 02:47:35.772 [main] DEBUG a01001690.Database - Loading database properties from db.properties
2017-03-25 02:49:21.790 [main] INFO  a01001690.Gis - 2017-03-25T09:49:21.784Z
2017-03-25 02:49:21.898 [main] DEBUG a01001690.Database - Loading database properties from db.properties
2017-03-25 02:54:24.350 [main] INFO  a01001690.Gis - 2017-03-25T09:54:24.345Z
2017-03-25 02:54:24.453 [main] DEBUG a01001690.Database - Loading database properties from db.properties
2017-03-25 02:57:02.530 [main] INFO  a01001690.Gis - 2017-03-25T09:57:02.525Z
2017-03-25 02:57:02.642 [main] DEBUG a01001690.Database - Loading database properties from db.properties
2017-03-25 02:57:47.212 [main] INFO  a01001690.Gis - 2017-03-25T09:57:47.207Z
2017-03-25 02:57:47.318 [main] DEBUG a01001690.Database - Loading database properties from db.properties
2017-03-25 02:58:35.277 [main] INFO  a01001690.Gis - 2017-03-25T09:58:35.269Z
2017-03-25 02:58:35.386 [main] DEBUG a01001690.Database - Loading database properties from db.properties
2017-03-25 02:58:53.641 [main] INFO  a01001690.Gis - 2017-03-25T09:58:53.635Z
2017-03-25 02:58:53.759 [main] DEBUG a01001690.Database - Loading database properties from db.properties
2017-03-25 03:02:23.381 [main] INFO  a01001690.Gis - 2017-03-25T10:02:23.375Z
2017-03-25 03:02:23.473 [main] DEBUG a01001690.Database - Loading database properties from db.properties
2017-03-25 03:28:43.284 [main] INFO  a01001690.Gis - 2017-03-25T10:28:43.260Z
2017-03-25 03:28:43.552 [main] DEBUG a01001690.Database - Loading database properties from db.properties
2017-03-25 03:38:46.588 [main] INFO  a01001690.Gis - 2017-03-25T10:38:46.566Z
2017-03-25 03:38:46.715 [main] DEBUG a01001690.Database - Loading database properties from db.properties
2017-03-25 03:38:48.947 [main] INFO  a01001690.Gis - Ended at 2017-03-25T10:38:48.947Z
2017-03-25 03:38:48.949 [main] INFO  a01001690.Gis - Duration: 381 ms
2017-03-25 03:38:48.950 [main] INFO  a01001690.Gis - Duration: 2381 ms
2017-03-25 03:38:48.952 [main] INFO  a01001690.Gis - Duration: 2381 ms
2017-03-25 03:43:06.736 [main] INFO  a01001690.Gis - 2017-03-25T10:43:06.714Z
2017-03-25 03:43:06.877 [main] DEBUG a01001690.Database - Loading database properties from db.properties
2017-03-25 03:45:11.353 [main] INFO  a01001690.Gis - 2017-03-25T10:45:11.342Z
2017-03-25 03:45:11.488 [main] DEBUG a01001690.Database - Loading database properties from db.properties
2017-03-25 03:52:46.714 [main] INFO  a01001690.Gis - 2017-03-25T10:52:46.694Z
2017-03-25 03:52:46.976 [main] DEBUG a01001690.Database - Loading database properties from db.properties
2017-03-25 03:53:17.512 [main] INFO  a01001690.Gis - 2017-03-25T10:53:17.506Z
2017-03-25 03:53:17.617 [main] DEBUG a01001690.Database - Loading database properties from db.properties
2017-03-25 03:53:44.182 [main] INFO  a01001690.Gis - 2017-03-25T10:53:44.171Z
2017-03-25 03:53:44.453 [main] DEBUG a01001690.Database - Loading database properties from db.properties
2017-03-25 03:56:45.624 [main] INFO  a01001690.Gis - 2017-03-25T10:56:45.615Z
2017-03-25 03:56:45.885 [main] DEBUG a01001690.Database - Loading database properties from db.properties
2017-03-25 03:56:47.724 [main] INFO  a01001690.Gis - Ended at 2017-03-25T10:56:47.724Z
2017-03-25 03:56:47.725 [main] INFO  a01001690.Gis - Duration: 109 ms
2017-03-25 03:56:47.725 [main] INFO  a01001690.Gis - Duration: 2109 ms
2017-03-25 03:56:47.725 [main] INFO  a01001690.Gis - Duration: 2109 ms
2017-03-25 03:57:00.917 [main] INFO  a01001690.Gis - 2017-03-25T10:57:00.911Z
2017-03-25 03:57:01.024 [main] DEBUG a01001690.Database - Loading database properties from db.properties
2017-03-25 04:00:59.539 [main] INFO  a01001690.Gis - 2017-03-25T11:00:59.533Z
2017-03-25 04:00:59.700 [main] DEBUG a01001690.Database - Loading database properties from db.properties
2017-03-25 04:01:01.446 [main] INFO  a01001690.Gis - Ended at 2017-03-25T11:01:01.446Z
2017-03-25 04:01:01.447 [main] INFO  a01001690.Gis - Duration: -87 ms
2017-03-25 04:01:01.447 [main] INFO  a01001690.Gis - Duration: 1913 ms
2017-03-25 04:01:01.447 [main] INFO  a01001690.Gis - Duration: 1913 ms
2017-03-25 04:01:30.613 [main] INFO  a01001690.Gis - 2017-03-25T11:01:30.608Z
2017-03-25 04:01:30.718 [main] DEBUG a01001690.Database - Loading database properties from db.properties
2017-03-25 04:01:55.717 [main] INFO  a01001690.Gis - 2017-03-25T11:01:55.711Z
2017-03-25 04:01:55.830 [main] DEBUG a01001690.Database - Loading database properties from db.properties
2017-03-25 04:02:22.008 [main] INFO  a01001690.Gis - 2017-03-25T11:02:22.002Z
2017-03-25 04:02:22.118 [main] DEBUG a01001690.Database - Loading database properties from db.properties
2017-03-25 04:02:47.416 [main] INFO  a01001690.Gis - 2017-03-25T11:02:47.410Z
2017-03-25 04:02:47.520 [main] DEBUG a01001690.Database - Loading database properties from db.properties
2017-03-25 04:03:03.742 [main] INFO  a01001690.Gis - 2017-03-25T11:03:03.731Z
2017-03-25 04:03:03.845 [main] DEBUG a01001690.Database - Loading database properties from db.properties
2017-03-25 04:07:19.381 [main] INFO  a01001690.Gis - 2017-03-25T11:07:19.374Z
2017-03-25 04:07:19.516 [main] DEBUG a01001690.Database - Loading database properties from db.properties
2017-03-25 04:09:11.166 [main] INFO  a01001690.Gis - 2017-03-25T11:09:11.159Z
2017-03-25 04:09:11.264 [main] DEBUG a01001690.Database - Loading database properties from db.properties
2017-03-25 04:10:47.997 [main] INFO  a01001690.Gis - 2017-03-25T11:10:47.991Z
2017-03-25 04:10:48.134 [main] DEBUG a01001690.Database - Loading database properties from db.properties
2017-03-25 04:11:31.349 [main] INFO  a01001690.Gis - 2017-03-25T11:11:31.344Z
2017-03-25 04:11:31.454 [main] DEBUG a01001690.Database - Loading database properties from db.properties
2017-03-25 04:11:32.899 [main] INFO  a01001690.Gis - Ended at 2017-03-25T11:11:32.899Z
2017-03-25 04:11:32.900 [main] INFO  a01001690.Gis - Duration: 555 ms
2017-03-25 04:11:32.900 [main] INFO  a01001690.Gis - Duration: 1555 ms
2017-03-25 04:11:32.900 [main] INFO  a01001690.Gis - Duration: 1555 ms
2017-03-25 04:12:58.776 [main] INFO  a01001690.Gis - 2017-03-25T11:12:58.770Z
2017-03-25 04:12:58.881 [main] DEBUG a01001690.Database - Loading database properties from db.properties
2017-03-25 04:13:00.385 [main] INFO  a01001690.Gis - Ended at 2017-03-25T11:13:00.385Z
2017-03-25 04:13:00.386 [main] INFO  a01001690.Gis - Duration: -385 ms
2017-03-25 04:13:00.386 [main] INFO  a01001690.Gis - Duration: 1615 ms
2017-03-25 04:13:00.386 [main] INFO  a01001690.Gis - Duration: 1615 ms
2017-03-25 04:14:56.882 [main] INFO  a01001690.Gis - 2017-03-25T11:14:56.876Z
2017-03-25 04:14:56.989 [main] DEBUG a01001690.Database - Loading database properties from db.properties
2017-03-25 04:14:58.776 [main] INFO  a01001690.Gis - Ended at 2017-03-25T11:14:58.776Z
2017-03-25 04:14:58.778 [main] INFO  a01001690.Gis - Duration: -100 ms
2017-03-25 04:14:58.778 [main] INFO  a01001690.Gis - Duration: 1900 ms
2017-03-25 04:14:58.778 [main] INFO  a01001690.Gis - Duration: 1900 ms
2017-03-25 14:01:07.754 [main] INFO  a01001690.Gis - 2017-03-25T21:01:07.735Z
2017-03-25 14:01:07.995 [main] DEBUG a01001690.Database - Loading database properties from db.properties
2017-03-25 14:01:10.251 [main] INFO  a01001690.Gis - Ended at 2017-03-25T21:01:10.251Z
2017-03-25 14:01:10.251 [main] INFO  a01001690.Gis - Duration: -484 ms
2017-03-25 14:01:10.251 [main] INFO  a01001690.Gis - Duration: 2516 ms
2017-03-25 14:01:10.252 [main] INFO  a01001690.Gis - Duration: 2516 ms
2017-03-25 14:06:06.289 [main] INFO  a01001690.Gis - 2017-03-25T21:06:06.282Z
2017-03-25 14:06:06.422 [main] DEBUG a01001690.Database - Loading database properties from db.properties
2017-03-25 14:06:08.121 [main] INFO  a01001690.Gis - Ended at 2017-03-25T21:06:08.121Z
2017-03-25 14:06:08.121 [main] INFO  a01001690.Gis - Duration: 1839 ms
2017-03-25 14:30:18.026 [main] INFO  a01001690.Gis - 2017-03-25T21:30:18.020Z
2017-03-25 14:30:18.150 [main] DEBUG a01001690.Database - Loading database properties from db.properties
2017-03-25 14:30:20.949 [main] INFO  a01001690.Gis - Ended at 2017-03-25T21:30:20.949Z
2017-03-25 14:30:20.949 [main] INFO  a01001690.Gis - Duration: 2929 ms
2017-03-25 18:03:58.157 [main] INFO  a01001690.Gis - 2017-03-26T01:03:58.136Z
2017-03-25 18:03:58.386 [main] DEBUG a01001690.Database - Loading database properties from db.properties
2017-03-25 18:04:09.568 [main] INFO  a01001690.Gis - Ended at 2017-03-26T01:04:09.568Z
2017-03-25 18:04:09.582 [main] INFO  a01001690.Gis - Duration: 11432 ms
2017-03-25 18:07:20.569 [main] INFO  a01001690.Gis - 2017-03-26T01:07:20.564Z
2017-03-25 18:07:20.772 [main] DEBUG a01001690.Database - Loading database properties from db.properties
2017-03-25 18:07:53.956 [main] INFO  a01001690.Gis - 2017-03-26T01:07:53.945Z
2017-03-25 18:07:54.050 [main] DEBUG a01001690.Database - Loading database properties from db.properties
2017-03-25 18:08:06.838 [main] INFO  a01001690.Gis - 2017-03-26T01:08:06.831Z
2017-03-25 18:08:06.936 [main] DEBUG a01001690.Database - Loading database properties from db.properties
2017-03-25 18:09:44.307 [main] INFO  a01001690.Gis - 2017-03-26T01:09:44.302Z
2017-03-25 18:09:44.414 [main] DEBUG a01001690.Database - Loading database properties from db.properties
2017-03-25 18:10:35.134 [main] INFO  a01001690.Gis - 2017-03-26T01:10:35.128Z
2017-03-25 18:10:35.236 [main] DEBUG a01001690.Database - Loading database properties from db.properties
2017-03-25 18:10:49.932 [main] INFO  a01001690.Gis - 2017-03-26T01:10:49.927Z
2017-03-25 18:10:50.042 [main] DEBUG a01001690.Database - Loading database properties from db.properties
2017-03-25 18:11:09.060 [main] INFO  a01001690.Gis - 2017-03-26T01:11:09.054Z
2017-03-25 18:11:09.159 [main] DEBUG a01001690.Database - Loading database properties from db.properties
2017-03-25 18:12:01.464 [main] INFO  a01001690.Gis - 2017-03-26T01:12:01.458Z
2017-03-25 18:12:01.610 [main] DEBUG a01001690.Database - Loading database properties from db.properties
2017-03-25 18:12:29.371 [main] INFO  a01001690.Gis - 2017-03-26T01:12:29.365Z
2017-03-25 18:12:29.498 [main] DEBUG a01001690.Database - Loading database properties from db.properties
2017-03-26 00:48:32.947 [main] INFO  a01001690.Gis - 2017-03-26T07:48:32.942Z
2017-03-26 00:48:33.262 [main] DEBUG a01001690.Database - Loading database properties from db.properties
2017-03-26 00:51:36.213 [main] INFO  a01001690.Gis - 2017-03-26T07:51:36.207Z
2017-03-26 00:51:36.358 [main] DEBUG a01001690.Database - Loading database properties from db.properties
2017-03-26 00:51:38.334 [main] INFO  a01001690.Gis - Ended at 2017-03-26T07:51:38.333Z
2017-03-26 00:51:38.334 [main] INFO  a01001690.Gis - Duration: 2126 ms
2017-03-26 03:06:06.899 [main] INFO  a01001690.Gis - 2017-03-26T10:06:06.892Z
2017-03-26 03:06:07.041 [main] DEBUG a01001690.Database - Loading database properties from db.properties
2017-03-26 03:06:34.158 [main] INFO  a01001690.Gis - 2017-03-26T10:06:34.153Z
2017-03-26 03:06:34.256 [main] DEBUG a01001690.Database - Loading database properties from db.properties
2017-03-26 03:16:25.433 [main] INFO  a01001690.Gis - 2017-03-26T10:16:25.419Z
2017-03-26 03:16:25.651 [main] DEBUG a01001690.Database - Loading database properties from db.properties
2017-03-26 03:17:12.558 [main] INFO  a01001690.Gis - 2017-03-26T10:17:12.551Z
2017-03-26 03:17:12.680 [main] DEBUG a01001690.Database - Loading database properties from db.properties
2017-03-26 03:20:15.645 [main] INFO  a01001690.Gis - 2017-03-26T10:20:15.638Z
2017-03-26 03:20:15.791 [main] DEBUG a01001690.Database - Loading database properties from db.properties
2017-03-26 03:35:37.284 [main] INFO  a01001690.Gis - 2017-03-26T10:35:37.276Z
2017-03-26 03:35:37.420 [main] DEBUG a01001690.Database - Loading database properties from db.properties
2017-03-26 03:35:39.787 [main] INFO  a01001690.Gis - Ended at 2017-03-26T10:35:39.787Z
2017-03-26 03:35:39.787 [main] INFO  a01001690.Gis - Duration: 2511 ms
2017-03-26 03:49:40.757 [main] INFO  a01001690.Gis - 2017-03-26T10:49:40.738Z
2017-03-26 03:49:40.898 [main] DEBUG a01001690.Database - Loading database properties from db.properties
2017-03-26 03:55:47.305 [main] INFO  a01001690.Gis - 2017-03-26T10:55:47.293Z
2017-03-26 03:55:47.436 [main] DEBUG a01001690.Database - Loading database properties from db.properties
2017-03-26 03:57:50.988 [main] INFO  a01001690.Gis - 2017-03-26T10:57:50.978Z
2017-03-26 03:57:51.122 [main] DEBUG a01001690.Database - Loading database properties from db.properties
2017-03-26 03:59:38.724 [main] INFO  a01001690.Gis - 2017-03-26T10:59:38.719Z
2017-03-26 03:59:38.886 [main] DEBUG a01001690.Database - Loading database properties from db.properties
2017-03-26 03:59:41.056 [main] INFO  a01001690.Gis - Ended at 2017-03-26T10:59:41.056Z
2017-03-26 03:59:41.057 [main] INFO  a01001690.Gis - Duration: 2337 ms
2017-03-26 04:01:00.214 [main] INFO  a01001690.Gis - 2017-03-26T11:01:00.208Z
2017-03-26 04:01:00.352 [main] DEBUG a01001690.Database - Loading database properties from db.properties
2017-03-26 04:01:01.979 [main] INFO  a01001690.Gis - Ended at 2017-03-26T11:01:01.979Z
2017-03-26 04:01:01.979 [main] INFO  a01001690.Gis - Duration: 1771 ms
2017-03-26 04:02:03.474 [main] INFO  a01001690.Gis - 2017-03-26T11:02:03.468Z
2017-03-26 04:02:03.642 [main] DEBUG a01001690.Database - Loading database properties from db.properties
2017-03-26 04:02:06.115 [main] INFO  a01001690.Gis - Ended at 2017-03-26T11:02:06.115Z
2017-03-26 04:02:06.116 [main] INFO  a01001690.Gis - Duration: 2647 ms
2017-03-26 04:07:23.281 [main] INFO  a01001690.Gis - 2017-03-26T11:07:23.261Z
2017-03-26 04:07:23.468 [main] DEBUG a01001690.Database - Loading database properties from db.properties
2017-03-26 04:07:25.706 [main] INFO  a01001690.Gis - Ended at 2017-03-26T11:07:25.706Z
2017-03-26 04:07:25.706 [main] INFO  a01001690.Gis - Duration: 2445 ms
2017-03-26 04:12:28.297 [main] INFO  a01001690.Gis - 2017-03-26T11:12:28.275Z
2017-03-26 04:12:28.437 [main] DEBUG a01001690.Database - Loading database properties from db.properties
2017-03-26 04:12:30.472 [main] INFO  a01001690.Gis - Ended at 2017-03-26T11:12:30.472Z
2017-03-26 04:12:30.472 [main] INFO  a01001690.Gis - Duration: 2197 ms
2017-03-26 04:12:47.598 [main] INFO  a01001690.Gis - 2017-03-26T11:12:47.591Z
2017-03-26 04:12:47.699 [main] DEBUG a01001690.Database - Loading database properties from db.properties
2017-03-26 04:12:49.075 [main] INFO  a01001690.Gis - Ended at 2017-03-26T11:12:49.075Z
2017-03-26 04:12:49.087 [main] INFO  a01001690.Gis - Duration: 1484 ms
2017-03-26 04:13:30.865 [main] INFO  a01001690.Gis - 2017-03-26T11:13:30.859Z
2017-03-26 04:13:30.969 [main] DEBUG a01001690.Database - Loading database properties from db.properties
2017-03-26 04:13:32.354 [main] INFO  a01001690.Gis - Ended at 2017-03-26T11:13:32.354Z
2017-03-26 04:13:32.355 [main] INFO  a01001690.Gis - Duration: 1495 ms
2017-03-26 04:13:55.432 [main] INFO  a01001690.Gis - 2017-03-26T11:13:55.426Z
2017-03-26 04:13:55.534 [main] DEBUG a01001690.Database - Loading database properties from db.properties
2017-03-26 04:13:56.952 [main] INFO  a01001690.Gis - Ended at 2017-03-26T11:13:56.952Z
2017-03-26 04:13:56.952 [main] INFO  a01001690.Gis - Duration: 1526 ms
2017-03-26 04:14:11.720 [main] INFO  a01001690.Gis - 2017-03-26T11:14:11.715Z
2017-03-26 04:14:11.818 [main] DEBUG a01001690.Database - Loading database properties from db.properties
2017-03-26 04:14:13.261 [main] INFO  a01001690.Gis - Ended at 2017-03-26T11:14:13.261Z
2017-03-26 04:14:13.262 [main] INFO  a01001690.Gis - Duration: 1546 ms
2017-03-26 04:14:25.527 [main] INFO  a01001690.Gis - 2017-03-26T11:14:25.522Z
2017-03-26 04:14:25.635 [main] DEBUG a01001690.Database - Loading database properties from db.properties
2017-03-26 04:14:26.965 [main] INFO  a01001690.Gis - Ended at 2017-03-26T11:14:26.965Z
2017-03-26 04:14:26.965 [main] INFO  a01001690.Gis - Duration: 1443 ms
2017-03-26 04:15:10.955 [main] INFO  a01001690.Gis - 2017-03-26T11:15:10.949Z
2017-03-26 04:15:11.050 [main] DEBUG a01001690.Database - Loading database properties from db.properties
2017-03-26 04:15:12.269 [main] INFO  a01001690.Gis - Ended at 2017-03-26T11:15:12.269Z
2017-03-26 04:15:12.269 [main] INFO  a01001690.Gis - Duration: 1320 ms
2017-03-26 04:15:52.737 [main] INFO  a01001690.Gis - 2017-03-26T11:15:52.731Z
2017-03-26 04:15:52.831 [main] DEBUG a01001690.Database - Loading database properties from db.properties
2017-03-26 04:15:54.218 [main] INFO  a01001690.Gis - Ended at 2017-03-26T11:15:54.218Z
2017-03-26 04:15:54.218 [main] INFO  a01001690.Gis - Duration: 1487 ms
2017-03-26 04:17:54.006 [main] INFO  a01001690.Gis - 2017-03-26T11:17:53.999Z
2017-03-26 04:17:54.107 [main] DEBUG a01001690.Database - Loading database properties from db.properties
2017-03-26 04:17:55.549 [main] INFO  a01001690.Gis - Ended at 2017-03-26T11:17:55.548Z
2017-03-26 04:17:55.549 [main] INFO  a01001690.Gis - Duration: 1549 ms
2017-03-26 04:18:16.316 [main] INFO  a01001690.Gis - 2017-03-26T11:18:16.310Z
2017-03-26 04:18:16.419 [main] DEBUG a01001690.Database - Loading database properties from db.properties
2017-03-26 04:18:17.803 [main] INFO  a01001690.Gis - Ended at 2017-03-26T11:18:17.803Z
2017-03-26 04:18:17.804 [main] INFO  a01001690.Gis - Duration: 1493 ms
2017-03-26 04:18:33.508 [main] INFO  a01001690.Gis - 2017-03-26T11:18:33.501Z
2017-03-26 04:18:33.614 [main] DEBUG a01001690.Database - Loading database properties from db.properties
2017-03-26 04:18:35.026 [main] INFO  a01001690.Gis - Ended at 2017-03-26T11:18:35.026Z
2017-03-26 04:18:35.027 [main] INFO  a01001690.Gis - Duration: 1525 ms
2017-03-26 04:19:43.467 [main] INFO  a01001690.Gis - 2017-03-26T11:19:43.461Z
2017-03-26 04:19:43.580 [main] DEBUG a01001690.Database - Loading database properties from db.properties
2017-03-26 04:19:44.913 [main] INFO  a01001690.Gis - Ended at 2017-03-26T11:19:44.913Z
2017-03-26 04:19:44.923 [main] INFO  a01001690.Gis - Duration: 1452 ms
2017-03-26 04:20:03.516 [main] INFO  a01001690.Gis - 2017-03-26T11:20:03.507Z
2017-03-26 04:20:03.619 [main] DEBUG a01001690.Database - Loading database properties from db.properties
2017-03-26 04:20:04.981 [main] INFO  a01001690.Gis - Ended at 2017-03-26T11:20:04.981Z
2017-03-26 04:20:04.990 [main] INFO  a01001690.Gis - Duration: 1474 ms
2017-03-26 04:20:45.271 [main] INFO  a01001690.Gis - 2017-03-26T11:20:45.265Z
2017-03-26 04:20:45.416 [main] DEBUG a01001690.Database - Loading database properties from db.properties
2017-03-26 04:20:47.089 [main] INFO  a01001690.Gis - Ended at 2017-03-26T11:20:47.088Z
2017-03-26 04:20:47.089 [main] INFO  a01001690.Gis - Duration: 1823 ms
2017-03-26 04:22:16.797 [main] INFO  a01001690.Gis - 2017-03-26T11:22:16.790Z
2017-03-26 04:22:16.909 [main] DEBUG a01001690.Database - Loading database properties from db.properties
2017-03-26 04:22:18.468 [main] INFO  a01001690.Gis - Ended at 2017-03-26T11:22:18.467Z
2017-03-26 04:22:18.468 [main] INFO  a01001690.Gis - Duration: 1677 ms
2017-03-26 04:25:05.732 [main] INFO  a01001690.Gis - 2017-03-26T11:25:05.726Z
2017-03-26 04:25:05.833 [main] DEBUG a01001690.Database - Loading database properties from db.properties
2017-03-26 04:25:07.414 [main] INFO  a01001690.Gis - Ended at 2017-03-26T11:25:07.414Z
2017-03-26 04:25:07.415 [main] INFO  a01001690.Gis - Duration: 1688 ms
2017-03-26 04:25:35.971 [main] INFO  a01001690.Gis - 2017-03-26T11:25:35.964Z
2017-03-26 04:25:36.092 [main] DEBUG a01001690.Database - Loading database properties from db.properties
2017-03-26 04:25:38.253 [main] INFO  a01001690.Gis - Ended at 2017-03-26T11:25:38.253Z
2017-03-26 04:25:38.255 [main] INFO  a01001690.Gis - Duration: 2289 ms
2017-03-26 04:26:17.243 [main] INFO  a01001690.Gis - 2017-03-26T11:26:17.235Z
2017-03-26 04:26:17.386 [main] DEBUG a01001690.Database - Loading database properties from db.properties
2017-03-26 04:26:19.406 [main] INFO  a01001690.Gis - Ended at 2017-03-26T11:26:19.406Z
2017-03-26 04:26:19.409 [main] INFO  a01001690.Gis - Duration: 2171 ms
2017-03-26 04:26:49.892 [main] INFO  a01001690.Gis - 2017-03-26T11:26:49.886Z
2017-03-26 04:26:50.009 [main] DEBUG a01001690.Database - Loading database properties from db.properties
2017-03-26 04:26:51.882 [main] INFO  a01001690.Gis - Ended at 2017-03-26T11:26:51.882Z
2017-03-26 04:26:51.894 [main] INFO  a01001690.Gis - Duration: 1996 ms
2017-03-26 04:34:42.235 [main] INFO  a01001690.Gis - 2017-03-26T11:34:42.226Z
2017-03-26 04:34:42.377 [main] DEBUG a01001690.Database - Loading database properties from db.properties
2017-03-26 04:37:52.280 [main] INFO  a01001690.Gis - 2017-03-26T11:37:52.273Z
2017-03-26 04:37:52.419 [main] DEBUG a01001690.Database - Loading database properties from db.properties
2017-03-26 05:11:13.370 [main] INFO  a01001690.Gis - 2017-03-26T12:11:13.363Z
2017-03-26 05:11:13.513 [main] DEBUG a01001690.Database - Loading database properties from db.properties
2017-03-26 05:11:16.450 [main] INFO  a01001690.Gis - Ended at 2017-03-26T12:11:16.449Z
2017-03-26 05:11:16.450 [main] INFO  a01001690.Gis - Duration: 3086 ms
2017-03-26 06:20:28.454 [main] INFO  a01001690.Gis - 2017-03-26T13:20:28.447Z
2017-03-26 06:20:28.751 [main] DEBUG a01001690.Database - Loading database properties from db.properties
2017-03-26 06:21:53.614 [main] INFO  a01001690.Gis - 2017-03-26T13:21:53.608Z
2017-03-26 06:21:53.750 [main] DEBUG a01001690.Database - Loading database properties from db.properties
2017-03-26 06:21:55.896 [main] INFO  a01001690.Gis - Ended at 2017-03-26T13:21:55.896Z
2017-03-26 06:21:55.897 [main] INFO  a01001690.Gis - Duration: 2288 ms
2017-03-26 06:22:17.389 [main] INFO  a01001690.Gis - 2017-03-26T13:22:17.383Z
2017-03-26 06:22:17.534 [main] DEBUG a01001690.Database - Loading database properties from db.properties
2017-03-26 06:25:08.854 [main] INFO  a01001690.Gis - 2017-03-26T13:25:08.846Z
2017-03-26 06:25:08.983 [main] DEBUG a01001690.Database - Loading database properties from db.properties
2017-03-26 06:28:19.445 [main] INFO  a01001690.Gis - 2017-03-26T13:28:19.437Z
2017-03-26 06:28:19.586 [main] DEBUG a01001690.Database - Loading database properties from db.properties
2017-03-26 06:30:41.032 [main] INFO  a01001690.Gis - 2017-03-26T13:30:41.026Z
2017-03-26 06:30:41.172 [main] DEBUG a01001690.Database - Loading database properties from db.properties
2017-03-26 06:32:10.466 [main] INFO  a01001690.Gis - 2017-03-26T13:32:10.460Z
2017-03-26 06:32:10.596 [main] DEBUG a01001690.Database - Loading database properties from db.properties
2017-03-26 06:33:04.905 [main] INFO  a01001690.Gis - 2017-03-26T13:33:04.898Z
2017-03-26 06:33:05.007 [main] DEBUG a01001690.Database - Loading database properties from db.properties
2017-03-26 06:33:25.613 [main] INFO  a01001690.Gis - 2017-03-26T13:33:25.607Z
2017-03-26 06:33:25.720 [main] DEBUG a01001690.Database - Loading database properties from db.properties
2017-03-26 06:33:27.278 [main] INFO  a01001690.Gis - Ended at 2017-03-26T13:33:27.277Z
2017-03-26 06:33:27.278 [main] INFO  a01001690.Gis - Duration: 1670 ms
2017-03-26 06:34:08.589 [main] INFO  a01001690.Gis - 2017-03-26T13:34:08.583Z
2017-03-26 06:34:08.690 [main] DEBUG a01001690.Database - Loading database properties from db.properties
2017-03-26 06:34:10.429 [main] INFO  a01001690.Gis - Ended at 2017-03-26T13:34:10.428Z
2017-03-26 06:34:10.429 [main] INFO  a01001690.Gis - Duration: 1845 ms
2017-03-26 06:35:33.716 [main] INFO  a01001690.Gis - 2017-03-26T13:35:33.710Z
2017-03-26 06:35:33.817 [main] DEBUG a01001690.Database - Loading database properties from db.properties
2017-03-26 06:45:05.551 [main] INFO  a01001690.Gis - 2017-03-26T13:45:05.546Z
2017-03-26 06:45:05.680 [main] DEBUG a01001690.Database - Loading database properties from db.properties
2017-03-26 06:45:53.992 [main] INFO  a01001690.Gis - 2017-03-26T13:45:53.987Z
2017-03-26 06:45:54.092 [main] DEBUG a01001690.Database - Loading database properties from db.properties
2017-03-26 06:46:53.315 [main] INFO  a01001690.Gis - 2017-03-26T13:46:53.310Z
2017-03-26 06:46:53.423 [main] DEBUG a01001690.Database - Loading database properties from db.properties
2017-03-26 06:48:03.302 [main] INFO  a01001690.Gis - 2017-03-26T13:48:03.296Z
2017-03-26 06:48:03.403 [main] DEBUG a01001690.Database - Loading database properties from db.properties
2017-03-26 06:48:27.330 [main] INFO  a01001690.Gis - 2017-03-26T13:48:27.325Z
2017-03-26 06:48:27.435 [main] DEBUG a01001690.Database - Loading database properties from db.properties
2017-03-26 06:49:18.909 [main] INFO  a01001690.Gis - 2017-03-26T13:49:18.903Z
2017-03-26 06:49:19.005 [main] DEBUG a01001690.Database - Loading database properties from db.properties
2017-03-26 06:49:44.951 [main] INFO  a01001690.Gis - 2017-03-26T13:49:44.946Z
2017-03-26 06:49:45.057 [main] DEBUG a01001690.Database - Loading database properties from db.properties
2017-03-26 06:50:06.849 [main] INFO  a01001690.Gis - 2017-03-26T13:50:06.839Z
2017-03-26 06:50:06.951 [main] DEBUG a01001690.Database - Loading database properties from db.properties
2017-03-26 06:50:40.472 [main] INFO  a01001690.Gis - 2017-03-26T13:50:40.466Z
2017-03-26 06:50:40.579 [main] DEBUG a01001690.Database - Loading database properties from db.properties
2017-03-26 06:51:23.871 [main] INFO  a01001690.Gis - 2017-03-26T13:51:23.866Z
2017-03-26 06:51:23.963 [main] DEBUG a01001690.Database - Loading database properties from db.properties
2017-03-26 06:53:15.195 [main] INFO  a01001690.Gis - 2017-03-26T13:53:15.189Z
2017-03-26 06:53:15.298 [main] DEBUG a01001690.Database - Loading database properties from db.properties
2017-03-26 06:53:34.778 [main] INFO  a01001690.Gis - 2017-03-26T13:53:34.772Z
2017-03-26 06:53:34.879 [main] DEBUG a01001690.Database - Loading database properties from db.properties
2017-03-26 06:54:45.563 [main] INFO  a01001690.Gis - 2017-03-26T13:54:45.556Z
2017-03-26 06:54:45.669 [main] DEBUG a01001690.Database - Loading database properties from db.properties
2017-03-26 06:57:08.867 [main] INFO  a01001690.Gis - 2017-03-26T13:57:08.860Z
2017-03-26 06:57:08.967 [main] DEBUG a01001690.Database - Loading database properties from db.properties
2017-03-26 06:57:38.661 [main] INFO  a01001690.Gis - 2017-03-26T13:57:38.655Z
2017-03-26 06:57:38.761 [main] DEBUG a01001690.Database - Loading database properties from db.properties
2017-03-26 06:58:59.903 [main] INFO  a01001690.Gis - 2017-03-26T13:58:59.897Z
2017-03-26 06:59:00.005 [main] DEBUG a01001690.Database - Loading database properties from db.properties
2017-03-26 06:59:16.930 [main] INFO  a01001690.Gis - 2017-03-26T13:59:16.925Z
2017-03-26 06:59:17.039 [main] DEBUG a01001690.Database - Loading database properties from db.properties
2017-03-26 06:59:19.075 [main] INFO  a01001690.Gis - Ended at 2017-03-26T13:59:19.075Z
2017-03-26 06:59:19.075 [main] INFO  a01001690.Gis - Duration: 2150 ms
2017-03-26 06:59:43.200 [main] INFO  a01001690.Gis - 2017-03-26T13:59:43.194Z
2017-03-26 06:59:43.302 [main] DEBUG a01001690.Database - Loading database properties from db.properties
2017-03-26 06:59:53.379 [main] INFO  a01001690.Gis - 2017-03-26T13:59:53.373Z
2017-03-26 06:59:53.478 [main] DEBUG a01001690.Database - Loading database properties from db.properties
2017-03-26 06:59:55.405 [main] INFO  a01001690.Gis - Ended at 2017-03-26T13:59:55.405Z
2017-03-26 06:59:55.406 [main] INFO  a01001690.Gis - Duration: 2032 ms
2017-03-26 07:24:54.150 [main] INFO  a01001690.Gis - 2017-03-26T14:24:54.144Z
2017-03-26 07:24:54.273 [main] DEBUG a01001690.Database - Loading database properties from db.properties
2017-03-26 07:24:56.560 [main] INFO  a01001690.Gis - Ended at 2017-03-26T14:24:56.559Z
2017-03-26 07:24:56.562 [main] INFO  a01001690.Gis - Duration: 2415 ms
2017-03-26 07:25:44.453 [main] INFO  a01001690.Gis - 2017-03-26T14:25:44.446Z
2017-03-26 07:25:44.544 [main] DEBUG a01001690.Database - Loading database properties from db.properties
2017-03-26 07:25:46.863 [main] INFO  a01001690.Gis - Ended at 2017-03-26T14:25:46.862Z
2017-03-26 07:25:46.863 [main] INFO  a01001690.Gis - Duration: 2416 ms
2017-03-26 07:29:51.802 [main] INFO  a01001690.Gis - 2017-03-26T14:29:51.795Z
2017-03-26 07:29:51.913 [main] DEBUG a01001690.Database - Loading database properties from db.properties
2017-03-26 07:29:53.939 [main] INFO  a01001690.Gis - Ended at 2017-03-26T14:29:53.939Z
2017-03-26 07:29:53.940 [main] INFO  a01001690.Gis - Duration: 2144 ms
2017-03-26 07:30:18.355 [main] INFO  a01001690.Gis - 2017-03-26T14:30:18.349Z
2017-03-26 07:30:18.448 [main] DEBUG a01001690.Database - Loading database properties from db.properties
2017-03-26 07:30:20.344 [main] INFO  a01001690.Gis - Ended at 2017-03-26T14:30:20.344Z
2017-03-26 07:30:20.345 [main] INFO  a01001690.Gis - Duration: 1995 ms
2017-03-26 07:32:15.470 [main] INFO  a01001690.Gis - 2017-03-26T14:32:15.464Z
2017-03-26 07:32:15.566 [main] DEBUG a01001690.Database - Loading database properties from db.properties
2017-03-26 07:32:17.434 [main] INFO  a01001690.Gis - Ended at 2017-03-26T14:32:17.434Z
2017-03-26 07:32:17.434 [main] INFO  a01001690.Gis - Duration: 1970 ms
2017-03-26 08:00:51.043 [main] INFO  a01001690.Gis - 2017-03-26T15:00:51.023Z
2017-03-26 08:00:51.170 [main] DEBUG a01001690.Database - Loading database properties from db.properties
2017-03-26 08:00:55.575 [main] INFO  a01001690.Gis - Ended at 2017-03-26T15:00:55.575Z
2017-03-26 08:00:55.575 [main] INFO  a01001690.Gis - Duration: 4552 ms
2017-03-26 08:24:54.366 [main] INFO  a01001690.Gis - 2017-03-26T15:24:54.354Z
2017-03-26 08:24:54.500 [main] DEBUG a01001690.Database - Loading database properties from db.properties
2017-03-26 08:24:58.992 [main] INFO  a01001690.Gis - Ended at 2017-03-26T15:24:58.992Z
2017-03-26 08:24:58.993 [main] INFO  a01001690.Gis - Duration: 4638 ms
2017-03-26 08:29:50.541 [main] INFO  a01001690.Gis - 2017-03-26T15:29:50.535Z
2017-03-26 08:29:50.682 [main] DEBUG a01001690.Database - Loading database properties from db.properties
2017-03-26 08:29:54.518 [main] INFO  a01001690.Gis - Ended at 2017-03-26T15:29:54.518Z
2017-03-26 08:29:54.519 [main] INFO  a01001690.Gis - Duration: 3983 ms
2017-03-26 08:33:13.791 [main] INFO  a01001690.Gis - 2017-03-26T15:33:13.785Z
2017-03-26 08:33:13.910 [main] DEBUG a01001690.Database - Loading database properties from db.properties
2017-03-26 08:33:16.819 [main] INFO  a01001690.Gis - Ended at 2017-03-26T15:33:16.819Z
2017-03-26 08:33:16.820 [main] INFO  a01001690.Gis - Duration: 3034 ms
2017-03-26 08:35:03.053 [main] INFO  a01001690.Gis - 2017-03-26T15:35:03.047Z
2017-03-26 08:35:03.176 [main] DEBUG a01001690.Database - Loading database properties from db.properties
2017-03-26 08:35:06.443 [main] INFO  a01001690.Gis - Ended at 2017-03-26T15:35:06.443Z
2017-03-26 08:35:06.454 [main] INFO  a01001690.Gis - Duration: 3396 ms
2017-03-26 08:38:12.627 [main] INFO  a01001690.Gis - 2017-03-26T15:38:12.620Z
2017-03-26 08:38:12.761 [main] DEBUG a01001690.Database - Loading database properties from db.properties
2017-03-26 08:38:15.401 [main] INFO  a01001690.Gis - Ended at 2017-03-26T15:38:15.401Z
2017-03-26 08:38:15.402 [main] INFO  a01001690.Gis - Duration: 2781 ms
2017-03-26 08:39:05.215 [main] INFO  a01001690.Gis - 2017-03-26T15:39:05.209Z
2017-03-26 08:39:05.349 [main] DEBUG a01001690.Database - Loading database properties from db.properties
2017-03-26 08:39:07.818 [main] INFO  a01001690.Gis - Ended at 2017-03-26T15:39:07.818Z
2017-03-26 08:39:07.819 [main] INFO  a01001690.Gis - Duration: 2609 ms
2017-03-26 08:39:36.088 [main] INFO  a01001690.Gis - 2017-03-26T15:39:36.083Z
2017-03-26 08:39:36.215 [main] DEBUG a01001690.Database - Loading database properties from db.properties
2017-03-26 08:39:38.872 [main] INFO  a01001690.Gis - Ended at 2017-03-26T15:39:38.872Z
2017-03-26 08:39:38.873 [main] INFO  a01001690.Gis - Duration: 2789 ms
2017-03-26 08:44:42.367 [main] INFO  a01001690.Gis - 2017-03-26T15:44:42.360Z
2017-03-26 08:44:42.499 [main] DEBUG a01001690.Database - Loading database properties from db.properties
2017-03-26 08:44:46.489 [main] INFO  a01001690.Gis - Ended at 2017-03-26T15:44:46.489Z
2017-03-26 08:44:46.493 [main] INFO  a01001690.Gis - Duration: 4129 ms
2017-03-26 08:46:13.149 [main] INFO  a01001690.Gis - 2017-03-26T15:46:13.143Z
2017-03-26 08:46:13.274 [main] DEBUG a01001690.Database - Loading database properties from db.properties
2017-03-26 08:46:16.473 [main] INFO  a01001690.Gis - Ended at 2017-03-26T15:46:16.473Z
2017-03-26 08:46:16.474 [main] INFO  a01001690.Gis - Duration: 3330 ms
2017-03-26 08:50:08.771 [main] INFO  a01001690.Gis - 2017-03-26T15:50:08.765Z
2017-03-26 08:50:08.903 [main] DEBUG a01001690.Database - Loading database properties from db.properties
2017-03-26 08:50:12.474 [main] INFO  a01001690.Gis - Ended at 2017-03-26T15:50:12.474Z
2017-03-26 08:50:12.474 [main] INFO  a01001690.Gis - Duration: 3709 ms
2017-03-26 08:52:20.377 [main] INFO  a01001690.Gis - 2017-03-26T15:52:20.371Z
2017-03-26 08:52:20.511 [main] DEBUG a01001690.Database - Loading database properties from db.properties
2017-03-26 08:52:23.949 [main] INFO  a01001690.Gis - Ended at 2017-03-26T15:52:23.948Z
2017-03-26 08:52:23.949 [main] INFO  a01001690.Gis - Duration: 3577 ms
2017-03-26 08:52:42.500 [main] INFO  a01001690.Gis - 2017-03-26T15:52:42.495Z
2017-03-26 08:52:42.621 [main] DEBUG a01001690.Database - Loading database properties from db.properties
2017-03-26 08:52:45.250 [main] INFO  a01001690.Gis - Ended at 2017-03-26T15:52:45.250Z
2017-03-26 08:52:45.251 [main] INFO  a01001690.Gis - Duration: 2755 ms
2017-03-26 08:54:56.339 [main] INFO  a01001690.Gis - 2017-03-26T15:54:56.333Z
2017-03-26 08:54:56.453 [main] DEBUG a01001690.Database - Loading database properties from db.properties
2017-03-26 08:54:59.808 [main] INFO  a01001690.Gis - Ended at 2017-03-26T15:54:59.808Z
2017-03-26 08:54:59.809 [main] INFO  a01001690.Gis - Duration: 3475 ms
2017-03-26 09:01:07.258 [main] INFO  a01001690.Gis - 2017-03-26T16:01:07.250Z
2017-03-26 09:01:07.413 [main] DEBUG a01001690.Database - Loading database properties from db.properties
2017-03-26 09:01:11.227 [main] INFO  a01001690.Gis - Ended at 2017-03-26T16:01:11.227Z
2017-03-26 09:01:11.228 [main] INFO  a01001690.Gis - Duration: 3977 ms
2017-03-26 09:08:20.683 [main] INFO  a01001690.Gis - 2017-03-26T16:08:20.678Z
2017-03-26 09:08:20.861 [main] DEBUG a01001690.Database - Loading database properties from db.properties
2017-03-26 09:08:25.288 [main] INFO  a01001690.Gis - Ended at 2017-03-26T16:08:25.287Z
2017-03-26 09:08:25.288 [main] INFO  a01001690.Gis - Duration: 4609 ms
2017-03-26 09:15:28.105 [main] INFO  a01001690.Gis - 2017-03-26T16:15:28.098Z
2017-03-26 09:15:28.231 [main] DEBUG a01001690.Database - Loading database properties from db.properties
2017-03-26 09:15:31.567 [main] INFO  a01001690.Gis - Ended at 2017-03-26T16:15:31.567Z
2017-03-26 09:15:31.567 [main] INFO  a01001690.Gis - Duration: 3469 ms
2017-03-26 09:16:28.037 [main] INFO  a01001690.Gis - 2017-03-26T16:16:28.031Z
2017-03-26 09:16:28.135 [main] DEBUG a01001690.Database - Loading database properties from db.properties
2017-03-26 09:16:30.926 [main] INFO  a01001690.Gis - Ended at 2017-03-26T16:16:30.926Z
2017-03-26 09:16:30.926 [main] INFO  a01001690.Gis - Duration: 2895 ms
2017-03-26 09:19:05.966 [main] INFO  a01001690.Gis - 2017-03-26T16:19:05.960Z
2017-03-26 09:19:06.085 [main] DEBUG a01001690.Database - Loading database properties from db.properties
2017-03-26 09:19:09.645 [main] INFO  a01001690.Gis - Ended at 2017-03-26T16:19:09.645Z
2017-03-26 09:19:09.646 [main] INFO  a01001690.Gis - Duration: 3685 ms
2017-03-26 09:25:42.500 [main] INFO  a01001690.Gis - 2017-03-26T16:25:42.493Z
2017-03-26 09:25:42.622 [main] DEBUG a01001690.Database - Loading database properties from db.properties
2017-03-26 09:25:46.470 [main] INFO  a01001690.Gis - Ended at 2017-03-26T16:25:46.470Z
2017-03-26 09:25:46.470 [main] INFO  a01001690.Gis - Duration: 3977 ms
2017-03-26 10:16:45.337 [main] INFO  a01001690.Gis - 2017-03-26T17:16:45.330Z
2017-03-26 10:16:45.544 [main] DEBUG a01001690.Database - Loading database properties from db.properties
2017-03-26 10:16:50.283 [main] INFO  a01001690.Gis - Ended at 2017-03-26T17:16:50.283Z
2017-03-26 10:16:50.283 [main] INFO  a01001690.Gis - Duration: 4953 ms
2017-03-26 10:23:25.285 [main] INFO  a01001690.Gis - 2017-03-26T17:23:25.277Z
2017-03-26 10:23:25.411 [main] DEBUG a01001690.Database - Loading database properties from db.properties
2017-03-26 10:23:29.598 [main] INFO  a01001690.Gis - Ended at 2017-03-26T17:23:29.598Z
2017-03-26 10:23:29.599 [main] INFO  a01001690.Gis - Duration: 4321 ms
2017-03-26 10:52:09.854 [main] INFO  a01001690.Gis - 2017-03-26T17:52:09.848Z
2017-03-26 10:52:09.990 [main] DEBUG a01001690.Database - Loading database properties from db.properties
2017-03-26 10:52:13.895 [main] INFO  a01001690.Gis - Ended at 2017-03-26T17:52:13.895Z
2017-03-26 10:52:13.896 [main] INFO  a01001690.Gis - Duration: 4047 ms
2017-03-26 10:52:51.085 [main] INFO  a01001690.Gis - 2017-03-26T17:52:51.079Z
2017-03-26 10:52:51.188 [main] DEBUG a01001690.Database - Loading database properties from db.properties
2017-03-26 10:52:53.876 [main] INFO  a01001690.Gis - Ended at 2017-03-26T17:52:53.876Z
2017-03-26 10:52:53.877 [main] INFO  a01001690.Gis - Duration: 2797 ms
2017-03-26 10:57:39.508 [main] INFO  a01001690.Gis - 2017-03-26T17:57:39.501Z
2017-03-26 10:57:39.648 [main] DEBUG a01001690.Database - Loading database properties from db.properties
2017-03-26 10:57:42.490 [main] INFO  a01001690.Gis - Ended at 2017-03-26T17:57:42.490Z
2017-03-26 10:57:42.491 [main] INFO  a01001690.Gis - Duration: 2989 ms
2017-03-26 10:58:58.497 [main] INFO  a01001690.Gis - 2017-03-26T17:58:58.483Z
2017-03-26 10:58:58.635 [main] DEBUG a01001690.Database - Loading database properties from db.properties
2017-03-26 10:59:08.477 [main] INFO  a01001690.Gis - 2017-03-26T17:59:08.468Z
2017-03-26 10:59:08.590 [main] DEBUG a01001690.Database - Loading database properties from db.properties
2017-03-26 10:59:12.110 [main] INFO  a01001690.Gis - Ended at 2017-03-26T17:59:12.110Z
2017-03-26 10:59:12.111 [main] INFO  a01001690.Gis - Duration: 3642 ms
2017-03-26 10:59:33.703 [main] INFO  a01001690.Gis - 2017-03-26T17:59:33.697Z
2017-03-26 10:59:33.816 [main] DEBUG a01001690.Database - Loading database properties from db.properties
2017-03-26 10:59:36.493 [main] INFO  a01001690.Gis - Ended at 2017-03-26T17:59:36.493Z
2017-03-26 10:59:36.512 [main] INFO  a01001690.Gis - Duration: 2796 ms
2017-03-26 11:07:09.177 [main] INFO  a01001690.Gis - 2017-03-26T18:07:09.172Z
2017-03-26 11:07:09.326 [main] DEBUG a01001690.Database - Loading database properties from db.properties
2017-03-26 11:07:12.848 [main] INFO  a01001690.Gis - Ended at 2017-03-26T18:07:12.848Z
2017-03-26 11:07:12.849 [main] INFO  a01001690.Gis - Duration: 3676 ms
2017-03-26 11:08:56.654 [main] INFO  a01001690.Gis - 2017-03-26T18:08:56.648Z
2017-03-26 11:08:56.792 [main] DEBUG a01001690.Database - Loading database properties from db.properties
2017-03-26 11:09:00.272 [main] INFO  a01001690.Gis - Ended at 2017-03-26T18:09:00.272Z
2017-03-26 11:09:00.273 [main] INFO  a01001690.Gis - Duration: 3624 ms
2017-03-26 11:09:47.022 [main] INFO  a01001690.Gis - 2017-03-26T18:09:47.017Z
2017-03-26 11:09:47.199 [main] DEBUG a01001690.Database - Loading database properties from db.properties
2017-03-26 11:09:50.066 [main] INFO  a01001690.Gis - Ended at 2017-03-26T18:09:50.066Z
2017-03-26 11:09:50.067 [main] INFO  a01001690.Gis - Duration: 3049 ms
2017-03-26 11:11:12.101 [main] INFO  a01001690.Gis - 2017-03-26T18:11:12.087Z
2017-03-26 11:11:12.233 [main] DEBUG a01001690.Database - Loading database properties from db.properties
2017-03-26 11:11:14.920 [main] INFO  a01001690.Gis - Ended at 2017-03-26T18:11:14.920Z
2017-03-26 11:11:14.921 [main] INFO  a01001690.Gis - Duration: 2833 ms
2017-03-26 11:11:59.037 [main] INFO  a01001690.Gis - 2017-03-26T18:11:59.030Z
2017-03-26 11:11:59.134 [main] DEBUG a01001690.Database - Loading database properties from db.properties
2017-03-26 11:12:01.411 [main] INFO  a01001690.Gis - Ended at 2017-03-26T18:12:01.411Z
2017-03-26 11:12:01.412 [main] INFO  a01001690.Gis - Duration: 2381 ms
2017-03-26 11:16:00.258 [main] INFO  a01001690.Gis - 2017-03-26T18:16:00.252Z
2017-03-26 11:16:00.379 [main] DEBUG a01001690.Database - Loading database properties from db.properties
2017-03-26 11:16:03.070 [main] INFO  a01001690.Gis - Ended at 2017-03-26T18:16:03.070Z
2017-03-26 11:16:03.071 [main] INFO  a01001690.Gis - Duration: 2818 ms
2017-03-26 11:45:42.266 [main] INFO  a01001690.Gis - 2017-03-26T18:45:42.260Z
2017-03-26 11:45:42.408 [main] DEBUG a01001690.Database - Loading database properties from db.properties
2017-03-26 11:45:46.990 [main] INFO  a01001690.Gis - Ended at 2017-03-26T18:45:46.990Z
2017-03-26 11:45:46.991 [main] INFO  a01001690.Gis - Duration: 4730 ms
2017-03-26 11:47:49.919 [main] INFO  a01001690.Gis - 2017-03-26T18:47:49.912Z
2017-03-26 11:47:50.069 [main] DEBUG a01001690.Database - Loading database properties from db.properties
2017-03-26 11:47:58.362 [main] INFO  a01001690.Gis - 2017-03-26T18:47:58.356Z
2017-03-26 11:47:58.467 [main] DEBUG a01001690.Database - Loading database properties from db.properties
2017-03-26 11:48:01.772 [main] INFO  a01001690.Gis - Ended at 2017-03-26T18:48:01.772Z
2017-03-26 11:48:01.772 [main] INFO  a01001690.Gis - Duration: 3416 ms
2017-03-26 11:49:03.300 [main] INFO  a01001690.Gis - 2017-03-26T18:49:03.294Z
2017-03-26 11:49:03.463 [main] DEBUG a01001690.Database - Loading database properties from db.properties
2017-03-26 11:49:08.278 [main] INFO  a01001690.Gis - Ended at 2017-03-26T18:49:08.278Z
2017-03-26 11:49:08.294 [main] INFO  a01001690.Gis - Duration: 4984 ms
2017-03-26 11:51:55.682 [main] INFO  a01001690.Gis - 2017-03-26T18:51:55.661Z
2017-03-26 11:51:55.821 [main] DEBUG a01001690.Database - Loading database properties from db.properties
2017-03-26 11:52:04.630 [main] INFO  a01001690.Gis - 2017-03-26T18:52:04.623Z
2017-03-26 11:52:04.751 [main] DEBUG a01001690.Database - Loading database properties from db.properties
2017-03-26 11:52:08.594 [main] INFO  a01001690.Gis - Ended at 2017-03-26T18:52:08.594Z
2017-03-26 11:52:08.595 [main] INFO  a01001690.Gis - Duration: 3971 ms
2017-03-26 11:52:39.628 [main] INFO  a01001690.Gis - 2017-03-26T18:52:39.623Z
2017-03-26 11:52:39.799 [main] DEBUG a01001690.Database - Loading database properties from db.properties
2017-03-26 11:52:42.565 [main] INFO  a01001690.Gis - Ended at 2017-03-26T18:52:42.565Z
2017-03-26 11:52:42.566 [main] INFO  a01001690.Gis - Duration: 2942 ms
2017-03-26 11:53:08.737 [main] INFO  a01001690.Gis - 2017-03-26T18:53:08.731Z
2017-03-26 11:53:08.864 [main] DEBUG a01001690.Database - Loading database properties from db.properties
2017-03-26 11:53:11.650 [main] INFO  a01001690.Gis - Ended at 2017-03-26T18:53:11.650Z
2017-03-26 11:53:11.650 [main] INFO  a01001690.Gis - Duration: 2919 ms
2017-03-26 12:11:03.784 [main] INFO  a01001690.Gis - 2017-03-26T19:11:03.778Z
2017-03-26 12:11:04.060 [main] DEBUG a01001690.Database - Loading database properties from db.properties
2017-03-26 12:11:14.610 [main] INFO  a01001690.Gis - 2017-03-26T19:11:14.602Z
2017-03-26 12:11:14.721 [main] DEBUG a01001690.Database - Loading database properties from db.properties
2017-03-26 12:11:18.982 [main] INFO  a01001690.Gis - Ended at 2017-03-26T19:11:18.982Z
2017-03-26 12:11:18.984 [main] INFO  a01001690.Gis - Duration: 4380 ms
2017-03-26 12:12:01.372 [main] INFO  a01001690.Gis - 2017-03-26T19:12:01.365Z
2017-03-26 12:12:01.491 [main] DEBUG a01001690.Database - Loading database properties from db.properties
2017-03-26 12:12:04.748 [main] INFO  a01001690.Gis - Ended at 2017-03-26T19:12:04.748Z
2017-03-26 12:12:04.749 [main] INFO  a01001690.Gis - Duration: 3383 ms
2017-03-26 12:14:57.006 [main] INFO  a01001690.Gis - 2017-03-26T19:14:56.998Z
2017-03-26 12:14:57.132 [main] DEBUG a01001690.Database - Loading database properties from db.properties
2017-03-26 12:15:00.943 [main] INFO  a01001690.Gis - Ended at 2017-03-26T19:15:00.943Z
2017-03-26 12:15:00.943 [main] INFO  a01001690.Gis - Duration: 3945 ms
2017-03-26 12:15:20.136 [main] INFO  a01001690.Gis - 2017-03-26T19:15:20.129Z
2017-03-26 12:15:20.265 [main] DEBUG a01001690.Database - Loading database properties from db.properties
2017-03-26 12:15:23.128 [main] INFO  a01001690.Gis - Ended at 2017-03-26T19:15:23.128Z
2017-03-26 12:15:23.129 [main] INFO  a01001690.Gis - Duration: 2999 ms
2017-03-26 12:15:44.704 [main] INFO  a01001690.Gis - 2017-03-26T19:15:44.695Z
2017-03-26 12:15:44.864 [main] DEBUG a01001690.Database - Loading database properties from db.properties
2017-03-26 12:15:48.329 [main] INFO  a01001690.Gis - Ended at 2017-03-26T19:15:48.329Z
2017-03-26 12:15:48.333 [main] INFO  a01001690.Gis - Duration: 3634 ms
2017-03-26 12:19:53.053 [main] INFO  a01001690.Gis - 2017-03-26T19:19:53.047Z
2017-03-26 12:19:53.182 [main] DEBUG a01001690.Database - Loading database properties from db.properties
2017-03-26 12:19:56.708 [main] INFO  a01001690.Gis - Ended at 2017-03-26T19:19:56.708Z
2017-03-26 12:19:56.708 [main] INFO  a01001690.Gis - Duration: 3661 ms
2017-03-26 12:25:38.115 [main] INFO  a01001690.Gis - 2017-03-26T19:25:38.109Z
2017-03-26 12:25:38.242 [main] DEBUG a01001690.Database - Loading database properties from db.properties
2017-03-26 12:25:42.425 [main] INFO  a01001690.Gis - Ended at 2017-03-26T19:25:42.425Z
2017-03-26 12:25:42.426 [main] INFO  a01001690.Gis - Duration: 4316 ms
2017-03-26 12:26:05.970 [main] INFO  a01001690.Gis - 2017-03-26T19:26:05.964Z
2017-03-26 12:26:06.097 [main] DEBUG a01001690.Database - Loading database properties from db.properties
2017-03-26 12:26:08.860 [main] INFO  a01001690.Gis - Ended at 2017-03-26T19:26:08.860Z
2017-03-26 12:26:08.861 [main] INFO  a01001690.Gis - Duration: 2896 ms
2017-03-26 12:27:14.787 [main] INFO  a01001690.Gis - 2017-03-26T19:27:14.779Z
2017-03-26 12:27:14.896 [main] DEBUG a01001690.Database - Loading database properties from db.properties
2017-03-26 12:27:17.668 [main] INFO  a01001690.Gis - Ended at 2017-03-26T19:27:17.668Z
2017-03-26 12:27:17.669 [main] INFO  a01001690.Gis - Duration: 2889 ms
2017-03-26 12:29:40.256 [main] INFO  a01001690.Gis - 2017-03-26T19:29:40.250Z
2017-03-26 12:29:40.437 [main] DEBUG a01001690.Database - Loading database properties from db.properties
2017-03-26 12:29:45.224 [main] INFO  a01001690.Gis - Ended at 2017-03-26T19:29:45.224Z
2017-03-26 12:29:45.224 [main] INFO  a01001690.Gis - Duration: 4974 ms
2017-03-26 12:51:26.972 [main] INFO  a01001690.Gis - 2017-03-26T19:51:26.966Z
2017-03-26 12:51:27.090 [main] DEBUG a01001690.Database - Loading database properties from db.properties
2017-03-26 12:51:31.816 [main] INFO  a01001690.Gis - Ended at 2017-03-26T19:51:31.816Z
2017-03-26 12:51:31.817 [main] INFO  a01001690.Gis - Duration: 4850 ms
2017-03-26 13:10:32.013 [main] INFO  a01001690.Gis - 2017-03-26T20:10:32.007Z
2017-03-26 13:10:32.164 [main] DEBUG a01001690.Database - Loading database properties from db.properties
2017-03-26 13:10:36.390 [main] INFO  a01001690.Gis - Ended at 2017-03-26T20:10:36.390Z
2017-03-26 13:10:36.391 [main] INFO  a01001690.Gis - Duration: 4383 ms
2017-03-26 13:11:39.847 [main] INFO  a01001690.Gis - 2017-03-26T20:11:39.841Z
2017-03-26 13:11:39.986 [main] DEBUG a01001690.Database - Loading database properties from db.properties
2017-03-26 13:11:46.876 [main] INFO  a01001690.Gis - 2017-03-26T20:11:46.870Z
2017-03-26 13:11:46.977 [main] DEBUG a01001690.Database - Loading database properties from db.properties
2017-03-26 13:11:51.071 [main] INFO  a01001690.Gis - Ended at 2017-03-26T20:11:51.071Z
2017-03-26 13:11:51.072 [main] INFO  a01001690.Gis - Duration: 4201 ms
2017-03-26 13:14:04.369 [main] INFO  a01001690.Gis - 2017-03-26T20:14:04.360Z
2017-03-26 13:14:04.505 [main] DEBUG a01001690.Database - Loading database properties from db.properties
2017-03-26 13:14:08.515 [main] INFO  a01001690.Gis - Ended at 2017-03-26T20:14:08.515Z
2017-03-26 13:14:08.515 [main] INFO  a01001690.Gis - Duration: 4155 ms
2017-03-26 13:28:57.381 [main] INFO  a01001690.Gis - 2017-03-26T20:28:57.374Z
2017-03-26 13:28:57.498 [main] DEBUG a01001690.Database - Loading database properties from db.properties
2017-03-26 13:29:01.945 [main] INFO  a01001690.Gis - Ended at 2017-03-26T20:29:01.945Z
2017-03-26 13:29:01.945 [main] INFO  a01001690.Gis - Duration: 4571 ms
2017-03-26 13:43:57.346 [main] INFO  a01001690.Gis - 2017-03-26T20:43:57.340Z
2017-03-26 13:43:57.482 [main] DEBUG a01001690.Database - Loading database properties from db.properties
2017-03-26 13:44:01.929 [main] INFO  a01001690.Gis - Ended at 2017-03-26T20:44:01.929Z
2017-03-26 13:44:01.929 [main] INFO  a01001690.Gis - Duration: 4589 ms
2017-03-26 13:47:47.312 [main] INFO  a01001690.Gis - 2017-03-26T20:47:47.306Z
2017-03-26 13:47:47.434 [main] DEBUG a01001690.Database - Loading database properties from db.properties
2017-03-26 13:47:51.071 [main] INFO  a01001690.Gis - Ended at 2017-03-26T20:47:51.071Z
2017-03-26 13:47:51.071 [main] INFO  a01001690.Gis - Duration: 3765 ms
2017-03-26 13:50:52.749 [main] INFO  a01001690.Gis - 2017-03-26T20:50:52.743Z
2017-03-26 13:50:52.900 [main] DEBUG a01001690.Database - Loading database properties from db.properties
2017-03-26 13:50:55.886 [main] INFO  a01001690.Gis - Ended at 2017-03-26T20:50:55.886Z
2017-03-26 13:50:55.887 [main] INFO  a01001690.Gis - Duration: 3143 ms
2017-03-26 13:52:42.581 [main] INFO  a01001690.Gis - 2017-03-26T20:52:42.561Z
2017-03-26 13:52:42.686 [main] DEBUG a01001690.Database - Loading database properties from db.properties
2017-03-26 13:52:45.342 [main] INFO  a01001690.Gis - Ended at 2017-03-26T20:52:45.342Z
2017-03-26 13:52:45.344 [main] INFO  a01001690.Gis - Duration: 2781 ms
2017-03-26 14:03:04.210 [main] INFO  a01001690.Gis - 2017-03-26T21:03:04.201Z
2017-03-26 14:03:04.387 [main] DEBUG a01001690.Database - Loading database properties from db.properties
2017-03-26 14:03:07.723 [main] INFO  a01001690.Gis - Ended at 2017-03-26T21:03:07.723Z
2017-03-26 14:03:07.724 [main] INFO  a01001690.Gis - Duration: 3522 ms
2017-03-26 14:10:57.619 [main] INFO  a01001690.Gis - 2017-03-26T21:10:57.614Z
2017-03-26 14:10:57.782 [main] DEBUG a01001690.Database - Loading database properties from db.properties
2017-03-26 14:11:01.300 [main] INFO  a01001690.Gis - Ended at 2017-03-26T21:11:01.300Z
2017-03-26 14:11:01.300 [main] INFO  a01001690.Gis - Duration: 3686 ms
2017-03-26 14:11:31.130 [main] INFO  a01001690.Gis - 2017-03-26T21:11:31.121Z
2017-03-26 14:11:31.269 [main] DEBUG a01001690.Database - Loading database properties from db.properties
2017-03-26 14:11:33.714 [main] INFO  a01001690.Gis - Ended at 2017-03-26T21:11:33.714Z
2017-03-26 14:11:33.715 [main] INFO  a01001690.Gis - Duration: 2593 ms
2017-03-26 14:12:00.258 [main] INFO  a01001690.Gis - 2017-03-26T21:12:00.253Z
2017-03-26 14:12:00.380 [main] DEBUG a01001690.Database - Loading database properties from db.properties
2017-03-26 14:12:02.695 [main] INFO  a01001690.Gis - Ended at 2017-03-26T21:12:02.695Z
2017-03-26 14:12:02.695 [main] INFO  a01001690.Gis - Duration: 2442 ms
2017-03-26 14:15:25.883 [main] INFO  a01001690.Gis - 2017-03-26T21:15:25.878Z
2017-03-26 14:15:25.980 [main] DEBUG a01001690.Database - Loading database properties from db.properties
2017-03-26 14:15:28.162 [main] INFO  a01001690.Gis - Ended at 2017-03-26T21:15:28.162Z
2017-03-26 14:15:28.163 [main] INFO  a01001690.Gis - Duration: 2284 ms
2017-03-26 14:19:24.158 [main] INFO  a01001690.Gis - 2017-03-26T21:19:24.152Z
2017-03-26 14:19:24.341 [main] DEBUG a01001690.Database - Loading database properties from db.properties
2017-03-26 14:19:26.726 [main] INFO  a01001690.Gis - Ended at 2017-03-26T21:19:26.726Z
2017-03-26 14:19:26.727 [main] INFO  a01001690.Gis - Duration: 2574 ms
2017-03-26 14:20:46.956 [main] INFO  a01001690.Gis - 2017-03-26T21:20:46.950Z
2017-03-26 14:20:47.084 [main] DEBUG a01001690.Database - Loading database properties from db.properties
2017-03-26 14:20:49.448 [main] INFO  a01001690.Gis - Ended at 2017-03-26T21:20:49.448Z
2017-03-26 14:20:49.449 [main] INFO  a01001690.Gis - Duration: 2498 ms
2017-03-26 14:22:07.733 [main] INFO  a01001690.Gis - 2017-03-26T21:22:07.728Z
2017-03-26 14:22:07.877 [main] DEBUG a01001690.Database - Loading database properties from db.properties
2017-03-26 14:22:10.358 [main] INFO  a01001690.Gis - Ended at 2017-03-26T21:22:10.358Z
2017-03-26 14:22:10.359 [main] INFO  a01001690.Gis - Duration: 2630 ms
2017-03-26 14:22:32.850 [main] INFO  a01001690.Gis - 2017-03-26T21:22:32.844Z
2017-03-26 14:22:32.977 [main] DEBUG a01001690.Database - Loading database properties from db.properties
2017-03-26 14:22:35.777 [main] INFO  a01001690.Gis - Ended at 2017-03-26T21:22:35.777Z
2017-03-26 14:22:35.778 [main] INFO  a01001690.Gis - Duration: 2933 ms
2017-03-26 14:22:52.097 [main] INFO  a01001690.Gis - 2017-03-26T21:22:52.090Z
2017-03-26 14:22:52.231 [main] DEBUG a01001690.Database - Loading database properties from db.properties
2017-03-26 14:22:54.823 [main] INFO  a01001690.Gis - Ended at 2017-03-26T21:22:54.823Z
2017-03-26 14:22:54.824 [main] INFO  a01001690.Gis - Duration: 2733 ms
2017-03-26 14:33:53.865 [main] INFO  a01001690.Gis - 2017-03-26T21:33:53.853Z
2017-03-26 14:33:54.011 [main] DEBUG a01001690.Database - Loading database properties from db.properties
2017-03-26 14:33:58.428 [main] INFO  a01001690.Gis - Ended at 2017-03-26T21:33:58.428Z
2017-03-26 14:33:58.429 [main] INFO  a01001690.Gis - Duration: 4575 ms
2017-03-26 14:41:20.579 [main] INFO  a01001690.Gis - 2017-03-26T21:41:20.572Z
2017-03-26 14:41:20.724 [main] DEBUG a01001690.Database - Loading database properties from db.properties
2017-03-26 14:41:24.250 [main] INFO  a01001690.Gis - Ended at 2017-03-26T21:41:24.249Z
2017-03-26 14:41:24.250 [main] INFO  a01001690.Gis - Duration: 3677 ms
2017-03-26 14:42:30.179 [main] INFO  a01001690.Gis - 2017-03-26T21:42:30.173Z
2017-03-26 14:42:30.402 [main] DEBUG a01001690.Database - Loading database properties from db.properties
2017-03-26 14:42:33.686 [main] INFO  a01001690.Gis - Ended at 2017-03-26T21:42:33.686Z
2017-03-26 14:42:33.686 [main] INFO  a01001690.Gis - Duration: 3513 ms
2017-03-26 14:42:41.360 [main] INFO  a01001690.Gis - 2017-03-26T21:42:41.354Z
2017-03-26 14:42:41.457 [main] DEBUG a01001690.Database - Loading database properties from db.properties
2017-03-26 14:42:43.730 [main] INFO  a01001690.Gis - Ended at 2017-03-26T21:42:43.730Z
2017-03-26 14:42:43.734 [main] INFO  a01001690.Gis - Duration: 2376 ms
2017-03-26 14:48:20.705 [main] INFO  a01001690.Gis - 2017-03-26T21:48:20.698Z
2017-03-26 14:48:20.817 [main] DEBUG a01001690.Database - Loading database properties from db.properties
2017-03-26 14:48:24.276 [main] INFO  a01001690.Gis - Ended at 2017-03-26T21:48:24.276Z
2017-03-26 14:48:24.277 [main] INFO  a01001690.Gis - Duration: 3578 ms
2017-03-26 14:49:58.790 [main] INFO  a01001690.Gis - 2017-03-26T21:49:58.783Z
2017-03-26 14:49:58.972 [main] DEBUG a01001690.Database - Loading database properties from db.properties
2017-03-26 14:50:08.373 [main] INFO  a01001690.Gis - 2017-03-26T21:50:08.367Z
2017-03-26 14:50:08.481 [main] DEBUG a01001690.Database - Loading database properties from db.properties
2017-03-26 14:50:11.880 [main] INFO  a01001690.Gis - Ended at 2017-03-26T21:50:11.880Z
2017-03-26 14:50:11.881 [main] INFO  a01001690.Gis - Duration: 3513 ms
2017-03-26 15:01:27.114 [main] INFO  a01001690.Gis - 2017-03-26T22:01:27.109Z
2017-03-26 15:01:27.258 [main] DEBUG a01001690.Database - Loading database properties from db.properties
2017-03-26 15:01:30.831 [main] INFO  a01001690.Gis - Ended at 2017-03-26T22:01:30.831Z
2017-03-26 15:01:30.831 [main] INFO  a01001690.Gis - Duration: 3722 ms
2017-03-26 15:02:14.240 [main] INFO  a01001690.Gis - 2017-03-26T22:02:14.234Z
2017-03-26 15:02:14.379 [main] DEBUG a01001690.Database - Loading database properties from db.properties
2017-03-26 15:02:17.481 [main] INFO  a01001690.Gis - Ended at 2017-03-26T22:02:17.481Z
2017-03-26 15:02:17.481 [main] INFO  a01001690.Gis - Duration: 3247 ms
2017-03-26 15:06:54.768 [main] INFO  a01001690.Gis - 2017-03-26T22:06:54.761Z
2017-03-26 15:06:54.913 [main] DEBUG a01001690.Database - Loading database properties from db.properties
2017-03-26 15:06:58.783 [main] INFO  a01001690.Gis - Ended at 2017-03-26T22:06:58.783Z
2017-03-26 15:06:58.784 [main] INFO  a01001690.Gis - Duration: 4022 ms
2017-03-26 15:09:10.642 [main] INFO  a01001690.Gis - 2017-03-26T22:09:10.636Z
2017-03-26 15:09:10.865 [main] DEBUG a01001690.Database - Loading database properties from db.properties
2017-03-26 15:09:13.573 [main] INFO  a01001690.Gis - Ended at 2017-03-26T22:09:13.572Z
2017-03-26 15:09:13.578 [main] INFO  a01001690.Gis - Duration: 2936 ms
2017-03-26 15:14:53.612 [main] INFO  a01001690.Gis - 2017-03-26T22:14:53.606Z
2017-03-26 15:14:53.787 [main] DEBUG a01001690.Database - Loading database properties from db.properties
2017-03-26 15:15:01.960 [main] INFO  a01001690.Gis - 2017-03-26T22:15:01.954Z
2017-03-26 15:15:02.059 [main] DEBUG a01001690.Database - Loading database properties from db.properties
2017-03-26 15:15:06.094 [main] INFO  a01001690.Gis - Ended at 2017-03-26T22:15:06.094Z
2017-03-26 15:15:06.115 [main] INFO  a01001690.Gis - Duration: 4140 ms
2017-03-26 15:15:58.466 [main] INFO  a01001690.Gis - 2017-03-26T22:15:58.456Z
2017-03-26 15:15:58.609 [main] DEBUG a01001690.Database - Loading database properties from db.properties
2017-03-26 15:16:01.982 [main] INFO  a01001690.Gis - Ended at 2017-03-26T22:16:01.982Z
2017-03-26 15:16:01.982 [main] INFO  a01001690.Gis - Duration: 3526 ms
2017-03-26 15:17:05.214 [main] INFO  a01001690.Gis - 2017-03-26T22:17:05.206Z
2017-03-26 15:17:05.364 [main] DEBUG a01001690.Database - Loading database properties from db.properties
2017-03-26 15:17:07.748 [main] INFO  a01001690.Gis - Ended at 2017-03-26T22:17:07.748Z
2017-03-26 15:17:07.758 [main] INFO  a01001690.Gis - Duration: 2542 ms
2017-03-26 15:24:22.420 [main] INFO  a01001690.Gis - 2017-03-26T22:24:22.415Z
2017-03-26 15:24:22.573 [main] DEBUG a01001690.Database - Loading database properties from db.properties
2017-03-26 15:24:26.495 [main] INFO  a01001690.Gis - Ended at 2017-03-26T22:24:26.495Z
2017-03-26 15:24:26.495 [main] INFO  a01001690.Gis - Duration: 4080 ms
2017-03-26 15:26:24.092 [main] INFO  a01001690.Gis - 2017-03-26T22:26:24.086Z
2017-03-26 15:26:24.219 [main] DEBUG a01001690.Database - Loading database properties from db.properties
2017-03-26 15:26:27.513 [main] INFO  a01001690.Gis - Ended at 2017-03-26T22:26:27.512Z
2017-03-26 15:26:27.513 [main] INFO  a01001690.Gis - Duration: 3426 ms
2017-03-26 16:11:22.810 [main] INFO  a01001690.Gis - 2017-03-26T23:11:22.797Z
2017-03-26 16:11:23.033 [main] DEBUG a01001690.Database - Loading database properties from db.properties
2017-03-26 16:11:27.171 [main] INFO  a01001690.Gis - Ended at 2017-03-26T23:11:27.171Z
2017-03-26 16:11:27.172 [main] INFO  a01001690.Gis - Duration: 4374 ms
2017-03-26 16:14:19.532 [main] INFO  a01001690.Gis - 2017-03-26T23:14:19.522Z
2017-03-26 16:14:19.664 [main] DEBUG a01001690.Database - Loading database properties from db.properties
2017-03-26 16:14:23.266 [main] INFO  a01001690.Gis - Ended at 2017-03-26T23:14:23.266Z
2017-03-26 16:14:23.268 [main] INFO  a01001690.Gis - Duration: 3744 ms
2017-03-26 16:16:36.325 [main] INFO  a01001690.Gis - 2017-03-26T23:16:36.319Z
2017-03-26 16:16:36.449 [main] DEBUG a01001690.Database - Loading database properties from db.properties
2017-03-26 16:16:40.004 [main] INFO  a01001690.Gis - Ended at 2017-03-26T23:16:40.004Z
2017-03-26 16:16:40.004 [main] INFO  a01001690.Gis - Duration: 3685 ms
2017-03-26 16:20:36.561 [main] INFO  a01001690.Gis - 2017-03-26T23:20:36.555Z
2017-03-26 16:20:36.690 [main] DEBUG a01001690.Database - Loading database properties from db.properties
2017-03-26 16:20:39.549 [main] INFO  a01001690.Gis - Ended at 2017-03-26T23:20:39.549Z
2017-03-26 16:20:39.549 [main] INFO  a01001690.Gis - Duration: 2994 ms
2017-03-26 16:23:29.912 [main] INFO  a01001690.Gis - 2017-03-26T23:23:29.906Z
2017-03-26 16:23:30.064 [main] DEBUG a01001690.Database - Loading database properties from db.properties
2017-03-26 16:23:33.804 [main] INFO  a01001690.Gis - Ended at 2017-03-26T23:23:33.804Z
2017-03-26 16:23:33.805 [main] INFO  a01001690.Gis - Duration: 3898 ms
2017-03-26 16:25:42.038 [main] INFO  a01001690.Gis - 2017-03-26T23:25:42.030Z
2017-03-26 16:25:42.227 [main] DEBUG a01001690.Database - Loading database properties from db.properties
2017-03-26 16:25:45.926 [main] INFO  a01001690.Gis - Ended at 2017-03-26T23:25:45.926Z
2017-03-26 16:25:45.967 [main] INFO  a01001690.Gis - Duration: 3896 ms
2017-03-26 16:27:31.828 [main] INFO  a01001690.Gis - 2017-03-26T23:27:31.822Z
2017-03-26 16:27:31.993 [main] DEBUG a01001690.Database - Loading database properties from db.properties
2017-03-26 16:27:34.610 [main] INFO  a01001690.Gis - Ended at 2017-03-26T23:27:34.610Z
2017-03-26 16:27:34.613 [main] INFO  a01001690.Gis - Duration: 2788 ms
2017-03-26 16:30:02.748 [main] INFO  a01001690.Gis - 2017-03-26T23:30:02.739Z
2017-03-26 16:30:02.890 [main] DEBUG a01001690.Database - Loading database properties from db.properties
2017-03-26 16:30:06.836 [main] INFO  a01001690.Gis - Ended at 2017-03-26T23:30:06.836Z
2017-03-26 16:30:06.837 [main] INFO  a01001690.Gis - Duration: 4097 ms
2017-03-26 16:31:53.533 [main] INFO  a01001690.Gis - 2017-03-26T23:31:53.525Z
2017-03-26 16:31:53.672 [main] DEBUG a01001690.Database - Loading database properties from db.properties
2017-03-26 16:31:56.710 [main] INFO  a01001690.Gis - Ended at 2017-03-26T23:31:56.710Z
2017-03-26 16:31:56.711 [main] INFO  a01001690.Gis - Duration: 3185 ms
2017-03-26 16:33:49.059 [main] INFO  a01001690.Gis - 2017-03-26T23:33:49.053Z
2017-03-26 16:33:49.215 [main] DEBUG a01001690.Database - Loading database properties from db.properties
2017-03-26 16:33:52.128 [main] INFO  a01001690.Gis - Ended at 2017-03-26T23:33:52.128Z
2017-03-26 16:33:52.129 [main] INFO  a01001690.Gis - Duration: 3075 ms
2017-03-26 16:39:51.130 [main] INFO  a01001690.Gis - 2017-03-26T23:39:51.125Z
2017-03-26 16:39:51.264 [main] DEBUG a01001690.Database - Loading database properties from db.properties
2017-03-26 16:39:54.871 [main] INFO  a01001690.Gis - Ended at 2017-03-26T23:39:54.871Z
2017-03-26 16:39:54.871 [main] INFO  a01001690.Gis - Duration: 3746 ms
2017-03-26 16:41:53.174 [main] INFO  a01001690.Gis - 2017-03-26T23:41:53.168Z
2017-03-26 16:41:53.305 [main] DEBUG a01001690.Database - Loading database properties from db.properties
2017-03-26 16:41:56.594 [main] INFO  a01001690.Gis - Ended at 2017-03-26T23:41:56.593Z
2017-03-26 16:41:56.594 [main] INFO  a01001690.Gis - Duration: 3425 ms
2017-03-26 16:44:01.806 [main] INFO  a01001690.Gis - 2017-03-26T23:44:01.801Z
2017-03-26 16:44:01.948 [main] DEBUG a01001690.Database - Loading database properties from db.properties
2017-03-26 16:44:05.382 [main] INFO  a01001690.Gis - Ended at 2017-03-26T23:44:05.382Z
2017-03-26 16:44:05.383 [main] INFO  a01001690.Gis - Duration: 3581 ms
2017-03-26 16:49:40.075 [main] INFO  a01001690.Gis - 2017-03-26T23:49:40.070Z
2017-03-26 16:49:40.241 [main] DEBUG a01001690.Database - Loading database properties from db.properties
2017-03-26 16:49:44.589 [main] INFO  a01001690.Gis - Ended at 2017-03-26T23:49:44.589Z
2017-03-26 16:49:44.590 [main] INFO  a01001690.Gis - Duration: 4519 ms
2017-03-26 16:50:44.319 [main] INFO  a01001690.Gis - 2017-03-26T23:50:44.313Z
2017-03-26 16:50:44.450 [main] DEBUG a01001690.Database - Loading database properties from db.properties
2017-03-26 16:50:47.864 [main] INFO  a01001690.Gis - Ended at 2017-03-26T23:50:47.864Z
2017-03-26 16:50:47.864 [main] INFO  a01001690.Gis - Duration: 3551 ms
2017-03-26 16:58:38.119 [main] INFO  a01001690.Gis - 2017-03-26T23:58:38.114Z
2017-03-26 16:58:38.252 [main] DEBUG a01001690.Database - Loading database properties from db.properties
2017-03-26 16:58:41.737 [main] INFO  a01001690.Gis - Ended at 2017-03-26T23:58:41.736Z
2017-03-26 16:58:41.737 [main] INFO  a01001690.Gis - Duration: 3622 ms
2017-03-26 17:01:17.632 [main] INFO  a01001690.Gis - 2017-03-27T00:01:17.626Z
2017-03-26 17:01:17.760 [main] DEBUG a01001690.Database - Loading database properties from db.properties
2017-03-26 17:01:21.753 [main] INFO  a01001690.Gis - Ended at 2017-03-27T00:01:21.753Z
2017-03-26 17:01:21.753 [main] INFO  a01001690.Gis - Duration: 4127 ms
2017-03-26 17:03:51.400 [main] INFO  a01001690.Gis - 2017-03-27T00:03:51.394Z
2017-03-26 17:03:51.535 [main] DEBUG a01001690.Database - Loading database properties from db.properties
2017-03-26 17:03:55.579 [main] INFO  a01001690.Gis - Ended at 2017-03-27T00:03:55.579Z
2017-03-26 17:03:55.580 [main] INFO  a01001690.Gis - Duration: 4185 ms
2017-03-26 17:04:28.529 [main] INFO  a01001690.Gis - 2017-03-27T00:04:28.520Z
2017-03-26 17:04:28.734 [main] DEBUG a01001690.Database - Loading database properties from db.properties
2017-03-26 17:04:31.352 [main] INFO  a01001690.Gis - Ended at 2017-03-27T00:04:31.351Z
2017-03-26 17:04:31.353 [main] INFO  a01001690.Gis - Duration: 2831 ms
2017-03-26 17:07:28.609 [main] INFO  a01001690.Gis - 2017-03-27T00:07:28.604Z
2017-03-26 17:07:28.798 [main] DEBUG a01001690.Database - Loading database properties from db.properties
2017-03-26 17:07:32.867 [main] INFO  a01001690.Gis - Ended at 2017-03-27T00:07:32.867Z
2017-03-26 17:07:32.868 [main] INFO  a01001690.Gis - Duration: 4263 ms
2017-03-27 18:23:46.764 [main] INFO  a01001690.Gis - 2017-03-28T01:23:46.743Z
2017-03-27 18:23:46.964 [main] DEBUG a01001690.Database - Loading database properties from db.properties
2017-03-27 18:23:52.816 [main] INFO  a01001690.Gis - Ended at 2017-03-28T01:23:52.816Z
2017-03-27 18:23:52.830 [main] INFO  a01001690.Gis - Duration: 6073 ms
2017-03-27 18:25:15.683 [main] INFO  a01001690.Gis - 2017-03-28T01:25:15.676Z
2017-03-27 18:25:15.816 [main] DEBUG a01001690.Database - Loading database properties from db.properties
2017-03-27 18:25:19.208 [main] INFO  a01001690.Gis - Ended at 2017-03-28T01:25:19.208Z
2017-03-27 18:25:19.209 [main] INFO  a01001690.Gis - Duration: 3532 ms
2017-03-27 18:28:29.245 [main] INFO  a01001690.Gis - 2017-03-28T01:28:29.239Z
2017-03-27 18:28:29.382 [main] DEBUG a01001690.Database - Loading database properties from db.properties
2017-03-27 18:28:32.794 [main] INFO  a01001690.Gis - Ended at 2017-03-28T01:28:32.794Z
2017-03-27 18:28:32.795 [main] INFO  a01001690.Gis - Duration: 3555 ms
2017-03-27 18:29:17.521 [main] INFO  a01001690.Gis - 2017-03-28T01:29:17.513Z
2017-03-27 18:29:17.645 [main] DEBUG a01001690.Database - Loading database properties from db.properties
2017-03-27 18:29:20.299 [main] INFO  a01001690.Gis - Ended at 2017-03-28T01:29:20.299Z
2017-03-27 18:29:20.299 [main] INFO  a01001690.Gis - Duration: 2786 ms
